# JRE version: OpenJDK Runtime Environment (8.0_275-b01) (build 1.8.0_275-b01)
# Java VM: OpenJDK 64-Bit Server VM (25.275-b01 mixed mode windows-amd64 compressed oops)
Heap:
 PSYoungGen      total 159232K, used 8442K [0x00000000d5d80000, 0x00000000e3e80000, 0x0000000100000000)
  eden space 153600K, 1% used [0x00000000d5d80000,0x00000000d6046870,0x00000000df380000)
  from space 5632K, 99% used [0x00000000e0280000,0x00000000e07f8020,0x00000000e0800000)
  to   space 15360K, 0% used [0x00000000df380000,0x00000000df380000,0x00000000e0280000)
 ParOldGen       total 70656K, used 29772K [0x0000000081800000, 0x0000000085d00000, 0x00000000d5d80000)
  object space 70656K, 42% used [0x0000000081800000,0x0000000083513270,0x0000000085d00000)
 Metaspace       used 53493K, capacity 56992K, committed 57264K, reserved 1099776K
  class space    used 7090K, capacity 7748K, committed 7856K, reserved 1048576K
GC Heap History (10 events):
Event: 12.836 GC heap before
{Heap before GC invocations=10 (full 1):
 PSYoungGen      total 118272K, used 90020K [0x00000000d5d80000, 0x00000000ddc00000, 0x0000000100000000)
  eden space 109056K, 75% used [0x00000000d5d80000,0x00000000dad80560,0x00000000dc800000)
  from space 9216K, 87% used [0x00000000dd300000,0x00000000ddae8e10,0x00000000ddc00000)
  to   space 10240K, 0% used [0x00000000dc800000,0x00000000dc800000,0x00000000dd200000)
 ParOldGen       total 47104K, used 5453K [0x0000000081800000, 0x0000000084600000, 0x00000000d5d80000)
  object space 47104K, 11% used [0x0000000081800000,0x0000000081d53568,0x0000000084600000)
 Metaspace       used 33142K, capacity 35414K, committed 35496K, reserved 1079296K
  class space    used 4429K, capacity 4839K, committed 4912K, reserved 1048576K
Event: 12.850 GC heap after
Heap after GC invocations=10 (full 1):
 PSYoungGen      total 119296K, used 9593K [0x00000000d5d80000, 0x00000000e0d80000, 0x0000000100000000)
  eden space 109056K, 0% used [0x00000000d5d80000,0x00000000d5d80000,0x00000000dc800000)
  from space 10240K, 93% used [0x00000000dc800000,0x00000000dd15e728,0x00000000dd200000)
  to   space 11264K, 0% used [0x00000000e0280000,0x00000000e0280000,0x00000000e0d80000)
 ParOldGen       total 47104K, used 6277K [0x0000000081800000, 0x0000000084600000, 0x00000000d5d80000)
  object space 47104K, 13% used [0x0000000081800000,0x0000000081e21568,0x0000000084600000)
 Metaspace       used 33142K, capacity 35414K, committed 35496K, reserved 1079296K
  class space    used 4429K, capacity 4839K, committed 4912K, reserved 1048576K
}
Event: 12.850 GC heap before
{Heap before GC invocations=11 (full 2):
 PSYoungGen      total 119296K, used 9593K [0x00000000d5d80000, 0x00000000e0d80000, 0x0000000100000000)
  eden space 109056K, 0% used [0x00000000d5d80000,0x00000000d5d80000,0x00000000dc800000)
  from space 10240K, 93% used [0x00000000dc800000,0x00000000dd15e728,0x00000000dd200000)
  to   space 11264K, 0% used [0x00000000e0280000,0x00000000e0280000,0x00000000e0d80000)
 ParOldGen       total 47104K, used 6277K [0x0000000081800000, 0x0000000084600000, 0x00000000d5d80000)
  object space 47104K, 13% used [0x0000000081800000,0x0000000081e21568,0x0000000084600000)
 Metaspace       used 33142K, capacity 35414K, committed 35496K, reserved 1079296K
  class space    used 4429K, capacity 4839K, committed 4912K, reserved 1048576K
Event: 12.974 GC heap after
Heap after GC invocations=11 (full 2):
 PSYoungGen      total 119296K, used 0K [0x00000000d5d80000, 0x00000000e0d80000, 0x0000000100000000)
  eden space 109056K, 0% used [0x00000000d5d80000,0x00000000d5d80000,0x00000000dc800000)
  from space 10240K, 0% used [0x00000000dc800000,0x00000000dc800000,0x00000000dd200000)
  to   space 11264K, 0% used [0x00000000e0280000,0x00000000e0280000,0x00000000e0d80000)
 ParOldGen       total 70656K, used 15231K [0x0000000081800000, 0x0000000085d00000, 0x00000000d5d80000)
  object space 70656K, 21% used [0x0000000081800000,0x00000000826dfe10,0x0000000085d00000)
 Metaspace       used 33142K, capacity 35414K, committed 35496K, reserved 1079296K
  class space    used 4429K, capacity 4839K, committed 4912K, reserved 1048576K
}
Event: 14.827 GC heap before
{Heap before GC invocations=12 (full 2):
 PSYoungGen      total 119296K, used 109056K [0x00000000d5d80000, 0x00000000e0d80000, 0x0000000100000000)
  eden space 109056K, 100% used [0x00000000d5d80000,0x00000000dc800000,0x00000000dc800000)
  from space 10240K, 0% used [0x00000000dc800000,0x00000000dc800000,0x00000000dd200000)
  to   space 11264K, 0% used [0x00000000e0280000,0x00000000e0280000,0x00000000e0d80000)
 ParOldGen       total 70656K, used 15231K [0x0000000081800000, 0x0000000085d00000, 0x00000000d5d80000)
  object space 70656K, 21% used [0x0000000081800000,0x00000000826dfe10,0x0000000085d00000)
 Metaspace       used 38769K, capacity 41206K, committed 41264K, reserved 1085440K
  class space    used 5161K, capacity 5633K, committed 5680K, reserved 1048576K
Event: 14.834 GC heap after
Heap after GC invocations=12 (full 2):
 PSYoungGen      total 152064K, used 5515K [0x00000000d5d80000, 0x00000000e0800000, 0x0000000100000000)
  eden space 146432K, 0% used [0x00000000d5d80000,0x00000000d5d80000,0x00000000dec80000)
  from space 5632K, 97% used [0x00000000e0280000,0x00000000e07e2d58,0x00000000e0800000)
  to   space 10752K, 0% used [0x00000000df300000,0x00000000df300000,0x00000000dfd80000)
 ParOldGen       total 70656K, used 15303K [0x0000000081800000, 0x0000000085d00000, 0x00000000d5d80000)
  object space 70656K, 21% used [0x0000000081800000,0x00000000826f1e20,0x0000000085d00000)
 Metaspace       used 38769K, capacity 41206K, committed 41264K, reserved 1085440K
  class space    used 5161K, capacity 5633K, committed 5680K, reserved 1048576K
}
Event: 19.293 GC heap before
{Heap before GC invocations=13 (full 2):
 PSYoungGen      total 152064K, used 151947K [0x00000000d5d80000, 0x00000000e0800000, 0x0000000100000000)
  eden space 146432K, 100% used [0x00000000d5d80000,0x00000000dec80000,0x00000000dec80000)
  from space 5632K, 97% used [0x00000000e0280000,0x00000000e07e2d58,0x00000000e0800000)
  to   space 10752K, 0% used [0x00000000df300000,0x00000000df300000,0x00000000dfd80000)
 ParOldGen       total 70656K, used 15303K [0x0000000081800000, 0x0000000085d00000, 0x00000000d5d80000)
  object space 70656K, 21% used [0x0000000081800000,0x00000000826f1e20,0x0000000085d00000)
 Metaspace       used 44016K, capacity 46950K, committed 47280K, reserved 1089536K
  class space    used 5920K, capacity 6449K, committed 6576K, reserved 1048576K
Event: 19.336 GC heap after
Heap after GC invocations=13 (full 2):
 PSYoungGen      total 157184K, used 9803K [0x00000000d5d80000, 0x00000000e0800000, 0x0000000100000000)
  eden space 146432K, 0% used [0x00000000d5d80000,0x00000000d5d80000,0x00000000dec80000)
  from space 10752K, 91% used [0x00000000df300000,0x00000000dfc92ed0,0x00000000dfd80000)
  to   space 5632K, 0% used [0x00000000e0280000,0x00000000e0280000,0x00000000e0800000)
 ParOldGen       total 70656K, used 17963K [0x0000000081800000, 0x0000000085d00000, 0x00000000d5d80000)
  object space 70656K, 25% used [0x0000000081800000,0x000000008298ae98,0x0000000085d00000)
 Metaspace       used 44016K, capacity 46950K, committed 47280K, reserved 1089536K
  class space    used 5920K, capacity 6449K, committed 6576K, reserved 1048576K
}
Event: 22.500 GC heap before
{Heap before GC invocations=14 (full 2):
 PSYoungGen      total 157184K, used 156235K [0x00000000d5d80000, 0x00000000e0800000, 0x0000000100000000)
  eden space 146432K, 100% used [0x00000000d5d80000,0x00000000dec80000,0x00000000dec80000)
  from space 10752K, 91% used [0x00000000df300000,0x00000000dfc92ed0,0x00000000dfd80000)
  to   space 5632K, 0% used [0x00000000e0280000,0x00000000e0280000,0x00000000e0800000)
 ParOldGen       total 70656K, used 17963K [0x0000000081800000, 0x0000000085d00000, 0x00000000d5d80000)
  object space 70656K, 25% used [0x0000000081800000,0x000000008298ae98,0x0000000085d00000)
 Metaspace       used 53429K, capacity 56954K, committed 57264K, reserved 1099776K
  class space    used 7081K, capacity 7739K, committed 7856K, reserved 1048576K
Event: 22.618 GC heap after
Heap after GC invocations=14 (full 2):
 PSYoungGen      total 159232K, used 5600K [0x00000000d5d80000, 0x00000000e3e80000, 0x0000000100000000)
  eden space 153600K, 0% used [0x00000000d5d80000,0x00000000d5d80000,0x00000000df380000)
  from space 5632K, 99% used [0x00000000e0280000,0x00000000e07f8020,0x00000000e0800000)
  to   space 15360K, 0% used [0x00000000df380000,0x00000000df380000,0x00000000e0280000)
 ParOldGen       total 70656K, used 29772K [0x0000000081800000, 0x0000000085d00000, 0x00000000d5d80000)
  object space 70656K, 42% used [0x0000000081800000,0x0000000083513270,0x0000000085d00000)
 Metaspace       used 53429K, capacity 56954K, committed 57264K, reserved 1099776K
  class space    used 7081K, capacity 7739K, committed 7856K, reserved 1048576K
}

